Initializing I2C devices...
Testing device connections...
MPU6050 connection successful
PID tuning Each Dot = 100 readings
>*********......>......
at 600 Readings

//           X Accel  Y Accel  Z Accel   X Gyro   Y Gyro   Z Gyro
//OFFSETS    -3936,     250,   12930,    -205,    -155,      78

>.>.700 Total Readings

//           X Accel  Y Accel  Z Accel   X Gyro   Y Gyro   Z Gyro
//OFFSETS    -3936,     250,   13010,    -205,    -154,      79

>.>.800 Total Readings

//           X Accel  Y Accel  Z Accel   X Gyro   Y Gyro   Z Gyro
//OFFSETS    -3936,     250,   13076,    -205,    -154,      78

>.>.900 Total Readings

//           X Accel  Y Accel  Z Accel   X Gyro   Y Gyro   Z Gyro
//OFFSETS    -3936,     250,   13128,    -206,    -155,      79

>.>.1000 Total Readings

//           X Accel  Y Accel  Z Accel   X Gyro   Y Gyro   Z Gyro
//OFFSETS    -3936,     250,   13170,    -205,    -155,      78


 Any of the above offsets will work nice 

 Lets proof the PID tuning using another method:
averaging 1000 readings each time
expanding:
....	XAccel			YAccel				ZAccel			XGyro			YGyro			ZGyro
 [0,0] --> [4488,4488]	[0,0] --> [-300,-300]	[0,0] --> [1369,1369]	[0,0] --> [820,821]	[0,0] --> [616,617]	[0,0] --> [-314,-314]
.... [-1000,0] --> [3347,4488]	[0,1000] --> [-299,871]	[0,1000] --> [1369,2495]	[-1000,0] --> [-3176,819]	[-1000,0] --> [-3379,614]	[0,1000] --> [-315,3681]
.... [-2000,0] --> [2206,4487]	[0,1000] --> [-300,871]	[0,2000] --> [1369,3619]	[-1000,0] --> [-3176,818]	[-1000,0] --> [-3379,614]	[0,1000] --> [-311,3680]
.... [-3000,0] --> [1065,4487]	[0,1000] --> [-300,871]	[0,3000] --> [1369,4744]	[-1000,0] --> [-3177,819]	[-1000,0] --> [-3379,614]	[0,1000] --> [-310,3681]
.... [-4000,0] --> [-74,4487]	[0,1000] --> [-300,871]	[0,4000] --> [1369,5869]	[-1000,0] --> [-3176,818]	[-1000,0] --> [-3378,613]	[0,1000] --> [-310,3680]
....	XAccel			YAccel				ZAccel			XGyro			YGyro			ZGyro
 [-4000,0] --> [-74,4487]	[0,1000] --> [-300,871]	[0,5000] --> [1369,6994]	[-1000,0] --> [-3176,819]	[-1000,0] --> [-3379,613]	[0,1000] --> [-310,3681]
.... [-4000,0] --> [-74,4487]	[0,1000] --> [-300,871]	[0,6000] --> [1369,8119]	[-1000,0] --> [-3176,819]	[-1000,0] --> [-3379,614]	[0,1000] --> [-311,3681]
.... [-4000,0] --> [-74,4487]	[0,1000] --> [-300,871]	[0,7000] --> [1369,9245]	[-1000,0] --> [-3176,819]	[-1000,0] --> [-3378,614]	[0,1000] --> [-310,3681]
.... [-4000,0] --> [-75,4487]	[0,1000] --> [-300,871]	[0,8000] --> [1369,10369]	[-1000,0] --> [-3176,819]	[-1000,0] --> [-3378,615]	[0,1000] --> [-310,3681]
.... [-4000,0] --> [-74,4487]	[0,1000] --> [-300,870]	[0,9000] --> [1369,11494]	[-1000,0] --> [-3176,819]	[-1000,0] --> [-3379,614]	[0,1000] --> [-310,3681]
....	XAccel			YAccel				ZAccel			XGyro			YGyro			ZGyro
 [-4000,0] --> [-74,4487]	[0,1000] --> [-300,871]	[0,10000] --> [1369,12619]	[-1000,0] --> [-3175,819]	[-1000,0] --> [-3378,614]	[0,1000] --> [-311,3681]
.... [-4000,0] --> [-74,4487]	[0,1000] --> [-300,871]	[0,11000] --> [1369,13744]	[-1000,0] --> [-3176,819]	[-1000,0] --> [-3379,613]	[0,1000] --> [-310,3681]
.... [-4000,0] --> [-74,4487]	[0,1000] --> [-300,871]	[0,12000] --> [1369,14869]	[-1000,0] --> [-3176,819]	[-1000,0] --> [-3378,614]	[0,1000] --> [-310,3681]
.... [-4000,0] --> [-74,4487]	[0,1000] --> [-299,871]	[0,13000] --> [1369,15994]	[-1000,0] --> [-3176,819]	[-1000,0] --> [-3379,615]	[0,1000] --> [-310,3681]
.... [-4000,0] --> [-74,4487]	[0,1000] --> [-300,871]	[0,14000] --> [1369,17119]	[-1000,0] --> [-3175,819]	[-1000,0] --> [-3379,614]	[0,1000] --> [-310,3681]

closing in:
..	XAccel			YAccel				ZAccel			XGyro			YGyro			ZGyro
 [-4000,-2000] --> [-74,2206]	[0,500] --> [-300,285]	[7000,14000] --> [9244,17119]	[-500,0] --> [-1177,819]	[-500,0] --> [-1380,614]	[0,500] --> [-310,1687]
.. [-4000,-3000] --> [-74,1065]	[250,500] --> [-7,285]	[10500,14000] --> [13182,17119]	[-250,0] --> [-179,819]	[-250,0] --> [-383,614]	[0,250] --> [-310,686]
.. [-4000,-3500] --> [-74,495]	[250,375] --> [-7,138]	[12250,14000] --> [15150,17119]	[-250,-125] --> [-179,320]	[-250,-125] --> [-383,117]	[0,125] --> [-310,186]
.. [-4000,-3750] --> [-74,210]	[250,312] --> [-7,65]	[13125,14000] --> [16133,17119]	[-250,-187] --> [-179,74]	[-187,-125] --> [-130,117]	[62,125] --> [-66,186]
.. [-4000,-3875] --> [-74,66]	[250,281] --> [-7,28]	[13125,13562] --> [16133,16626]	[-218,-187] --> [-49,74]	[-156,-125] --> [-6,117]	[62,93] --> [-66,57]
..	XAccel			YAccel				ZAccel			XGyro			YGyro			ZGyro
 [-3937,-3875] --> [-4,66]	[250,265] --> [-7,8]	[13343,13562] --> [16378,16626]	[-218,-202] --> [-49,13]	[-156,-140] --> [-6,58]	[77,93] --> [-7,57]
.. [-3937,-3906] --> [-4,32]	[257,265] --> [0,8]	[13343,13452] --> [16378,16502]	[-210,-202] --> [-17,13]	[-156,-148] --> [-6,25]	[77,85] --> [-7,25]
.. [-3937,-3921] --> [-4,14]	[257,261] --> [0,4]	[13343,13397] --> [16378,16439]	[-206,-202] --> [-2,13]	[-156,-152] --> [-6,9]	[77,81] --> [-7,9]
.. [-3937,-3929] --> [-4,5]	[257,259] --> [0,2]	[13343,13370] --> [16378,16410]	[-206,-204] --> [-2,5]	[-156,-154] --> [-6,1]	[77,79] --> [-7,2]
.. [-3933,-3929] --> [0,5]	[257,258] --> [0,2]	[13343,13356] --> [16378,16395]	[-206,-205] --> [-2,1]	[-155,-154] --> [-2,1]	[78,79] --> [-2,2]
..	XAccel			YAccel				ZAccel			XGyro			YGyro			ZGyro
 [-3933,-3931] --> [0,2]	[257,258] --> [0,2]	[13343,13349] --> [16378,16386]	[-206,-205] --> [-2,1]	[-155,-154] --> [-1,1]	[78,79] --> [-2,2]
.. [-3933,-3932] --> [0,2]	[257,258] --> [0,2]	[13346,13349] --> [16383,16386]	[-206,-205] --> [-2,1]	[-155,-154] --> [-2,1]	[78,79] --> [-2,2]
averaging 10000 readings each time
.................... [-3933,-3932] --> [0,2]	[257,258] --> [0,2]	[13347,13349] --> [16383,16386]	[-206,-205] --> [-2,1]	[-155,-154] --> [-1,1]	[78,79] --> [-2,2]
.................... [-3933,-3932] --> [0,2]	[257,258] --> [0,2]	[13347,13348] --> [16383,16386]	[-206,-205] --> [-2,1]	[-155,-154] --> [-2,1]	[78,79] --> [-2,2]
.................... [-3933,-3932] --> [0,2]	[257,258] --> [0,2]	[13347,13348] --> [16384,16386]	[-206,-205] --> [-2,1]	[-155,-154] --> [-2,1]	[78,79] --> [-3,2]
-------------- done --------------
