Initializing I2C devices...
Testing device connections...
MPU6050 connection successful
PID tuning Each Dot = 100 readings
>......>......
at 600 Readings

//           X Accel  Y Accel  Z Accel   X Gyro   Y Gyro   Z Gyro
//OFFSETS    -4906,   -1479,    1032,     164,       0,     100

>.>.700 Total Readings

//           X Accel  Y Accel  Z Accel   X Gyro   Y Gyro   Z Gyro
//OFFSETS    -4906,   -1479,    1032,     164,      -4,     100

>.>.800 Total Readings

//           X Accel  Y Accel  Z Accel   X Gyro   Y Gyro   Z Gyro
//OFFSETS    -4904,   -1479,    1032,     165,      -2,     101

>.>.900 Total Readings

//           X Accel  Y Accel  Z Accel   X Gyro   Y Gyro   Z Gyro
//OFFSETS    -4904,   -1479,    1034,     165,      -2,     100

>.>.1000 Total Readings

//           X Accel  Y Accel  Z Accel   X Gyro   Y Gyro   Z Gyro
//OFFSETS    -4904,   -1479,    1032,     165,      -1,     100


 Any of the above offsets will work nice 

 Lets proof the PID tuning using another method:
averaging 1000 readings each time
expanding:
....	XAccel			YAccel				ZAccel			XGyro			YGyro			ZGyro
 [0,0] --> [32767,32767]	[0,0] --> [12569,12573]	[0,0] --> [6839,6835]	[0,0] --> [-657,-657]	[0,0] --> [6,6]	[0,0] --> [-397,-398]
.... [-1000,0] --> [32767,32767]	[-1000,0] --> [4073,12572]	[0,1000] --> [6840,16083]	[0,1000] --> [-657,3340]	[-1000,0] --> [-3990,3]	[0,1000] --> [-397,3597]
.... [-2000,0] --> [27571,32767]	[-2000,0] --> [-4425,12571]	[0,2000] --> [6833,25338]	[0,1000] --> [-654,3340]	[-1000,0] --> [-3989,2]	[0,1000] --> [-394,3597]
.... [-3000,0] --> [18070,32767]	[-2000,0] --> [-4426,12575]	[0,2000] --> [6840,25334]	[0,1000] --> [-655,3340]	[-1000,0] --> [-3990,3]	[0,1000] --> [-394,3597]
.... [-4000,0] --> [8572,32767]	[-2000,0] --> [-4424,12570]	[0,2000] --> [6838,25342]	[0,1000] --> [-654,3340]	[-1000,0] --> [-3990,2]	[0,1000] --> [-394,3597]
....	XAccel			YAccel				ZAccel			XGyro			YGyro			ZGyro
 [-5000,0] --> [-927,32767]	[-2000,0] --> [-4427,12572]	[0,2000] --> [6838,25336]	[0,1000] --> [-654,3340]	[-1000,0] --> [-3989,4]	[0,1000] --> [-394,3597]

closing in:
..	XAccel			YAccel				ZAccel			XGyro			YGyro			ZGyro
 [-5000,-2500] --> [-927,22816]	[-2000,-1000] --> [-4427,4073]	[1000,2000] --> [16087,25336]	[0,500] --> [-654,1344]	[-500,0] --> [-1992,4]	[0,500] --> [-394,1603]
.. [-5000,-3750] --> [-927,10946]	[-1500,-1000] --> [-178,4073]	[1000,1500] --> [16087,20710]	[0,250] --> [-654,344]	[-250,0] --> [-994,4]	[0,250] --> [-394,602]
.. [-5000,-4375] --> [-927,4995]	[-1500,-1250] --> [-178,1946]	[1000,1250] --> [16087,18403]	[125,250] --> [-156,344]	[-125,0] --> [-493,4]	[0,125] --> [-394,101]
.. [-5000,-4687] --> [-927,2037]	[-1500,-1375] --> [-178,874]	[1000,1125] --> [16087,17236]	[125,187] --> [-156,91]	[-62,0] --> [-241,4]	[62,125] --> [-150,101]
.. [-5000,-4843] --> [-927,552]	[-1500,-1437] --> [-178,351]	[1000,1062] --> [16087,16661]	[156,187] --> [-31,91]	[-31,0] --> [-117,4]	[93,125] --> [-26,101]
..	XAccel			YAccel				ZAccel			XGyro			YGyro			ZGyro
 [-4921,-4843] --> [-191,552]	[-1500,-1468] --> [-178,94]	[1031,1062] --> [16368,16661]	[156,171] --> [-31,27]	[-15,0] --> [-53,4]	[93,109] --> [-26,36]
.. [-4921,-4882] --> [-191,190]	[-1484,-1468] --> [-41,94]	[1031,1046] --> [16368,16512]	[163,171] --> [-3,27]	[-7,0] --> [-21,4]	[93,101] --> [-26,5]
.. [-4901,-4882] --> [0,190]	[-1484,-1476] --> [-41,23]	[1031,1038] --> [16368,16439]	[163,167] --> [-3,12]	[-3,0] --> [-5,4]	[97,101] --> [-10,5]
.. [-4901,-4891] --> [0,96]	[-1480,-1476] --> [-6,23]	[1031,1034] --> [16368,16398]	[163,165] --> [-3,3]	[-3,-1] --> [-5,3]	[99,101] --> [-3,5]
.. [-4901,-4896] --> [0,56]	[-1480,-1478] --> [-6,6]	[1032,1034] --> [16384,16398]	[164,165] --> [0,3]	[-2,-1] --> [0,3]	[99,100] --> [-3,1]
averaging 10000 readings each time
....................	XAccel			YAccel				ZAccel			XGyro			YGyro			ZGyro
 [-4901,-4898] --> [0,39]	[-1479,-1478] --> [-8,6]	[1033,1034] --> [16384,16398]	[164,165] --> [0,3]	[-2,-1] --> [0,3]	[99,100] --> [-2,1]
.................... [-4901,-4899] --> [0,20]	[-1479,-1478] --> [-7,6]	[1033,1034] --> [16383,16398]	[164,165] --> [0,3]	[-2,-1] --> [0,3]	[99,100] --> [-3,1]
.................... [-4901,-4900] --> [0,19]	[-1479,-1478] --> [-6,6]	[1033,1033] --> [16383,16385]	[164,165] --> [0,3]	[-2,-1] --> [0,3]	[99,100] --> [-2,1]
.................... [-4901,-4900] --> [0,19]	[-1479,-1478] --> [-6,6]	[1033,1033] --> [16383,16386]	[164,165] --> [0,3]	[-2,-1] --> [0,3]	[99,100] --> [-2,1]
-------------- done --------------
